<?xml version="1.0" encoding="UTF-8"?>
<!-- Generated by org.testng.reporters.JUnitReportReporter -->
<testsuite hostname="CLLQAPRIADT058" failures="0" tests="3" name="LoginTest.Login_DataDriven" time="19.959" errors="0" timestamp="24 Aug 2018 12:21:14 GMT">
  <testcase classname="LoginTest.Login_DataDriven" name="closeBrowser" time="6.266"/>
  <testcase classname="LoginTest.Login_DataDriven" name="readLoginData" time="8.773"/>
  <testcase classname="LoginTest.Login_DataDriven" name="openBrowser" time="4.920"/>
</testsuite> <!-- LoginTest.Login_DataDriven -->
