<?xml version="1.0" encoding="UTF-8"?>
<!-- Generated by org.testng.reporters.JUnitReportReporter -->
<testsuite hostname="CLLQAPRIADT058" failures="0" tests="4" name="LoginTest.LoginTest" time="20.685" errors="0" timestamp="24 Aug 2018 13:49:00 GMT">
  <testcase classname="LoginTest.LoginTest" name="verifyLogin" time="2.401"/>
  <testcase classname="LoginTest.LoginTest" name="closeBrowser" time="6.209"/>
  <testcase classname="LoginTest.LoginTest" name="setloginCredentials" time="6.630"/>
  <testcase classname="LoginTest.LoginTest" name="openBrowser" time="5.445"/>
</testsuite> <!-- LoginTest.LoginTest -->
