<?xml version="1.0" encoding="UTF-8"?>
<!-- Generated by org.testng.reporters.JUnitReportReporter -->
<testsuite hostname="CLLQAPRIADT058" failures="0" tests="4" name="Merchandising.LoginTest" time="23.161" errors="0" timestamp="24 Aug 2018 06:57:14 GMT">
  <testcase classname="Merchandising.LoginTest" name="verifyLogin" time="6.204"/>
  <testcase classname="Merchandising.LoginTest" name="openBrowser" time="6.098"/>
  <testcase classname="Merchandising.LoginTest" name="setloginCredentials" time="6.613"/>
  <testcase classname="Merchandising.LoginTest" name="closeBrowser" time="4.246"/>
</testsuite> <!-- Merchandising.LoginTest -->
